#
# There is insufficient memory for the Java Runtime Environment to continue.
# Native memory allocation (mmap) failed to map 12288 bytes for committing reserved memory.
# Possible reasons:
#   The system is out of physical RAM or swap space
#   In 32 bit mode, the process size limit was hit
# Possible solutions:
#   Reduce memory load on the system
#   Increase physical memory or swap space
#   Check if swap backing store is full
#   Use 64 bit Java on a 64 bit OS
#   Decrease Java heap size (-Xmx/-Xms)
#   Decrease number of Java threads
#   Decrease Java thread stack sizes (-Xss)
#   Set larger code cache with -XX:ReservedCodeCacheSize=
# This output file may be truncated or incomplete.
#
#  Out of Memory Error (os_linux.cpp:2627), pid=2789, tid=0x00007f747e174700
#
# JRE version: Java(TM) SE Runtime Environment (8.0_121-b13) (build 1.8.0_121-b13)
# Java VM: Java HotSpot(TM) 64-Bit Server VM (25.121-b13 mixed mode linux-amd64 compressed oops)
# Failed to write core dump. Core dumps have been disabled. To enable core dumping, try "ulimit -c unlimited" before starting Java again
#

---------------  T H R E A D  ---------------

Current thread (0x00007f747800a800):  JavaThread "Unknown thread" [_thread_in_vm, id=2867, stack(0x00007f747e074000,0x00007f747e175000)]

Stack: [0x00007f747e074000,0x00007f747e175000],  sp=0x00007f747e173990,  free space=1022k
Native frames: (J=compiled Java code, j=interpreted, Vv=VM code, C=native code)
V  [libjvm.so+0xac703a]  VMError::report_and_die()+0x2ba
V  [libjvm.so+0x4fc7eb]  report_vm_out_of_memory(char const*, int, unsigned long, VMErrorType, char const*)+0x8b
V  [libjvm.so+0x923c43]  os::Linux::commit_memory_impl(char*, unsigned long, bool)+0x103
V  [libjvm.so+0x923d0c]  os::pd_commit_memory(char*, unsigned long, bool)+0xc
V  [libjvm.so+0x91d7ca]  os::commit_memory(char*, unsigned long, bool)+0x2a
V  [libjvm.so+0x9220ff]  os::pd_create_stack_guard_pages(char*, unsigned long)+0x7f
V  [libjvm.so+0xa6bdbe]  JavaThread::create_stack_guard_pages()+0x5e
V  [libjvm.so+0x6d1a54]  attach_current_thread+0xb4
V  [libjvm.so+0x6ce968]  jni_DestroyJavaVM+0x58
C  [libjli.so+0x763d]  JavaMain+0x27d
C  [libpthread.so.0+0x76ba]  start_thread+0xca


---------------  P R O C E S S  ---------------

Java Threads: ( => current thread )
  0x00007f747903b800 JavaThread "Thread-6" daemon [_thread_blocked, id=2904, stack(0x00007f7446ef1000,0x00007f7446ff2000)]
  0x00007f7478d34800 JavaThread "Curator-Framework-0" daemon [_thread_blocked, id=2903, stack(0x00007f74467ea000,0x00007f74468eb000)]
  0x00007f7478d32800 JavaThread "main-EventThread" daemon [_thread_blocked, id=2902, stack(0x00007f74468eb000,0x00007f74469ec000)]
  0x00007f7478d30800 JavaThread "main-SendThread(localhost:2181)" daemon [_thread_in_native, id=2901, stack(0x00007f74469ec000,0x00007f7446aed000)]
  0x00007f747919c000 JavaThread "Curator-ConnectionStateManager-0" daemon [_thread_blocked, id=2900, stack(0x00007f7446aed000,0x00007f7446bee000)]
  0x00007f747919b000 JavaThread "Curator-Framework-0" daemon [_thread_blocked, id=2899, stack(0x00007f7446bee000,0x00007f7446cef000)]
  0x00007f7478c3b000 JavaThread "main-EventThread" daemon [_thread_blocked, id=2898, stack(0x00007f7446cef000,0x00007f7446df0000)]
  0x00007f747903e000 JavaThread "main-SendThread(localhost:2181)" daemon [_thread_in_native, id=2897, stack(0x00007f7446ff2000,0x00007f74470f3000)]
  0x00007f7478c39800 JavaThread "Curator-ConnectionStateManager-0" daemon [_thread_blocked, id=2896, stack(0x00007f7446df0000,0x00007f7446ef1000)]
  0x00007f7479037800 JavaThread "Thread-5" daemon [_thread_blocked, id=2891, stack(0x00007f74472f3000,0x00007f74473f4000)]
  0x00007f7479016000 JavaThread "Thread-4" daemon [_thread_blocked, id=2890, stack(0x00007f74473f4000,0x00007f74474f5000)]
  0x00007f7479015000 JavaThread "Thread-3" daemon [_thread_blocked, id=2889, stack(0x00007f74474f5000,0x00007f74475f6000)]
  0x00007f7479013000 JavaThread "timer" daemon [_thread_blocked, id=2888, stack(0x00007f74475f6000,0x00007f74476f7000)]
  0x00007f7479011800 JavaThread "Thread-2" daemon [_thread_blocked, id=2887, stack(0x00007f74476f7000,0x00007f74477f8000)]
  0x00007f7478e84000 JavaThread "Curator-Framework-0" daemon [_thread_in_vm, id=2886, stack(0x00007f74477f8000,0x00007f74478f9000)]
  0x00007f74785fa800 JavaThread "Curator-ConnectionStateManager-0" daemon [_thread_blocked, id=2883, stack(0x00007f7447afb000,0x00007f7447bfc000)]
  0x00007f7478e88800 JavaThread "FileBlobStore cleanup thread" daemon [_thread_blocked, id=2882, stack(0x00007f7447bfc000,0x00007f7447cfd000)]
  0x00007f7478e77000 JavaThread "Curator-Framework-0" daemon [_thread_blocked, id=2881, stack(0x00007f7447cfd000,0x00007f7447dfe000)]
  0x00007f7478794000 JavaThread "main-EventThread" daemon [_thread_blocked, id=2880, stack(0x00007f7447dfe000,0x00007f7447eff000)]
  0x00007f7478796000 JavaThread "main-SendThread(localhost:2181)" daemon [_thread_in_native, id=2879, stack(0x00007f7447eff000,0x00007f7448000000)]
  0x00007f7478627000 JavaThread "Curator-ConnectionStateManager-0" daemon [_thread_blocked, id=2878, stack(0x00007f7464074000,0x00007f7464175000)]
  0x00007f7478e4c800 JavaThread "Log4j2-TF-7-Scheduled-2" daemon [_thread_blocked, id=2877, stack(0x00007f7464f86000,0x00007f7465087000)]
  0x00007f74790ad800 JavaThread "Log4j2-TF-1-AsyncLogger[AsyncContext@4aa298b7]-1" daemon [_thread_in_vm, id=2876, stack(0x00007f7465adb000,0x00007f7465bdc000)]
  0x00007f74780b5000 JavaThread "Service Thread" daemon [_thread_blocked, id=2874, stack(0x00007f7466766000,0x00007f7466867000)]
  0x00007f74780b1800 JavaThread "C1 CompilerThread1" daemon [_thread_in_vm, id=2873, stack(0x00007f7466867000,0x00007f7466968000)]
  0x00007f74780af800 JavaThread "C2 CompilerThread0" daemon [_thread_in_native, id=2872, stack(0x00007f7466968000,0x00007f7466a69000)]
  0x00007f74780ae000 JavaThread "Signal Dispatcher" daemon [_thread_blocked, id=2871, stack(0x00007f7466a69000,0x00007f7466b6a000)]
  0x00007f747807b800 JavaThread "Finalizer" daemon [_thread_blocked, id=2870, stack(0x00007f7466d02000,0x00007f7466e03000)]
  0x00007f7478076800 JavaThread "Reference Handler" daemon [_thread_blocked, id=2869, stack(0x00007f7466e03000,0x00007f7466f04000)]

Other Threads:
  0x00007f747806f000 VMThread [stack: 0x00007f7466f04000,0x00007f7467005000] [id=2868]
  0x00007f74780b8000 WatcherThread [stack: 0x00007f7466665000,0x00007f7466766000] [id=2875]

=>0x00007f747800a800 (exited) JavaThread "Unknown thread" [_thread_in_vm, id=2867, stack(0x00007f747e074000,0x00007f747e175000)]

VM state:not at safepoint (normal execution)

VM Mutex/Monitor currently owned by a thread:  ([mutex/lock_event])
[0x00007f74780062e0] CodeCache_lock - owner thread: 0x00007f74780b1800
[0x00007f74780075e0] CompiledIC_lock - owner thread: 0x00007f7478e84000
[0x00007f7478007960] Compile_lock - owner thread: 0x00007f74780b1800
[0x00007f7478007a60] MethodCompileQueue_lock - owner thread: 0x00007f74780b1800

Heap:
 def new generation   total 38144K, used 23457K [0x00000000c0000000, 0x00000000c2960000, 0x00000000d5550000)
  eden space 33920K,  68% used [0x00000000c0000000, 0x00000000c16cea20, 0x00000000c2120000)
  from space 4224K,   2% used [0x00000000c2540000, 0x00000000c2559b20, 0x00000000c2960000)
  to   space 4224K,   0% used [0x00000000c2120000, 0x00000000c2120000, 0x00000000c2540000)
 tenured generation   total 84600K, used 53080K [0x00000000d5550000, 0x00000000da7ee000, 0x0000000100000000)
   the space 84600K,  62% used [0x00000000d5550000, 0x00000000d89260f0, 0x00000000d8926200, 0x00000000da7ee000)
 Metaspace       used 42521K, capacity 43046K, committed 43224K, reserved 1085440K
  class space    used 7447K, capacity 7579K, committed 7640K, reserved 1048576K

Card table byte_map: [0x00007f7467baa000,0x00007f7467dab000] byte_map_base: 0x00007f74675aa000

Polling page: 0x00007f747e180000

CodeCache: size=245760Kb used=11439Kb max_used=11578Kb free=234320Kb
 bounds [0x00007f746816b000, 0x00007f7468cdb000, 0x00007f747716b000]
 total_blobs=3873 nmethods=3380 adapters=406
 compilation: enabled

Compilation events (10 events):
Event: 892.537 Thread 0x00007f74780af800 4144       4       clojure.lang.Numbers::isPos (14 bytes)
Event: 892.538 Thread 0x00007f74780af800 nmethod 4144 0x00007f74689a8690 code [0x00007f74689a8800, 0x00007f74689a8938]
Event: 936.096 Thread 0x00007f74780b1800 4145       3       sun.util.calendar.ZoneInfo::getLastRawOffset (10 bytes)
Event: 937.757 Thread 0x00007f74780af800 4146       4       sun.nio.cs.UTF_8$Encoder::encodeArrayLoop (489 bytes)
Event: 938.957 Thread 0x00007f74780b1800 nmethod 4145 0x00007f74689aa610 code [0x00007f74689aa760, 0x00007f74689aa8b0]
Event: 938.999 Thread 0x00007f74780b1800 4147       3       sun.util.calendar.ZoneInfo::getOffsets (276 bytes)
Event: 961.561 Thread 0x00007f74780b1800 nmethod 4147 0x00007f7468405350 code [0x00007f7468405580, 0x00007f74684062d8]
Event: 961.573 Thread 0x00007f74780b1800 4153   !   3       java.util.concurrent.locks.AbstractQueuedSynchronizer::acquireQueued (93 bytes)
Event: 968.037 Thread 0x00007f74780b1800 nmethod 4153 0x00007f7468352f50 code [0x00007f7468353180, 0x00007f7468353c48]
Event: 968.958 Thread 0x00007f74780b1800 4168       1       java.util.concurrent.locks.AbstractQueuedSynchronizer::compareAndSetWaitStatus (13 bytes)

GC Heap History (10 events):
Event: 761.813 GC heap before
{Heap before GC invocations=40 (full 4):
 def new generation   total 38144K, used 34658K [0x00000000c0000000, 0x00000000c2960000, 0x00000000d5550000)
  eden space 33920K, 100% used [0x00000000c0000000, 0x00000000c2120000, 0x00000000c2120000)
  from space 4224K,  17% used [0x00000000c2120000, 0x00000000c21d8ab0, 0x00000000c2540000)
  to   space 4224K,   0% used [0x00000000c2540000, 0x00000000c2540000, 0x00000000c2960000)
 tenured generation   total 84600K, used 52482K [0x00000000d5550000, 0x00000000da7ee000, 0x0000000100000000)
   the space 84600K,  62% used [0x00000000d5550000, 0x00000000d8890818, 0x00000000d8890a00, 0x00000000da7ee000)
 Metaspace       used 42374K, capacity 42886K, committed 43224K, reserved 1085440K
  class space    used 7440K, capacity 7547K, committed 7640K, reserved 1048576K
Event: 761.817 GC heap after
Heap after GC invocations=41 (full 4):
 def new generation   total 38144K, used 743K [0x00000000c0000000, 0x00000000c2960000, 0x00000000d5550000)
  eden space 33920K,   0% used [0x00000000c0000000, 0x00000000c0000000, 0x00000000c2120000)
  from space 4224K,  17% used [0x00000000c2540000, 0x00000000c25f9ea8, 0x00000000c2960000)
  to   space 4224K,   0% used [0x00000000c2120000, 0x00000000c2120000, 0x00000000c2540000)
 tenured generation   total 84600K, used 52482K [0x00000000d5550000, 0x00000000da7ee000, 0x0000000100000000)
   the space 84600K,  62% used [0x00000000d5550000, 0x00000000d8890818, 0x00000000d8890a00, 0x00000000da7ee000)
 Metaspace       used 42374K, capacity 42886K, committed 43224K, reserved 1085440K
  class space    used 7440K, capacity 7547K, committed 7640K, reserved 1048576K
}
Event: 792.000 GC heap before
{Heap before GC invocations=41 (full 4):
 def new generation   total 38144K, used 34663K [0x00000000c0000000, 0x00000000c2960000, 0x00000000d5550000)
  eden space 33920K, 100% used [0x00000000c0000000, 0x00000000c2120000, 0x00000000c2120000)
  from space 4224K,  17% used [0x00000000c2540000, 0x00000000c25f9ea8, 0x00000000c2960000)
  to   space 4224K,   0% used [0x00000000c2120000, 0x00000000c2120000, 0x00000000c2540000)
 tenured generation   total 84600K, used 52482K [0x00000000d5550000, 0x00000000da7ee000, 0x0000000100000000)
   the space 84600K,  62% used [0x00000000d5550000, 0x00000000d8890818, 0x00000000d8890a00, 0x00000000da7ee000)
 Metaspace       used 42397K, capacity 42950K, committed 43224K, reserved 1085440K
  class space    used 7440K, capacity 7547K, committed 7640K, reserved 1048576K
Event: 792.005 GC heap after
Heap after GC invocations=42 (full 4):
 def new generation   total 38144K, used 698K [0x00000000c0000000, 0x00000000c2960000, 0x00000000d5550000)
  eden space 33920K,   0% used [0x00000000c0000000, 0x00000000c0000000, 0x00000000c2120000)
  from space 4224K,  16% used [0x00000000c2120000, 0x00000000c21cea90, 0x00000000c2540000)
  to   space 4224K,   0% used [0x00000000c2540000, 0x00000000c2540000, 0x00000000c2960000)
 tenured generation   total 84600K, used 52482K [0x00000000d5550000, 0x00000000da7ee000, 0x0000000100000000)
   the space 84600K,  62% used [0x00000000d5550000, 0x00000000d8890818, 0x00000000d8890a00, 0x00000000da7ee000)
 Metaspace       used 42397K, capacity 42950K, committed 43224K, reserved 1085440K
  class space    used 7440K, capacity 7547K, committed 7640K, reserved 1048576K
}
Event: 822.174 GC heap before
{Heap before GC invocations=42 (full 4):
 def new generation   total 38144K, used 34618K [0x00000000c0000000, 0x00000000c2960000, 0x00000000d5550000)
  eden space 33920K, 100% used [0x00000000c0000000, 0x00000000c2120000, 0x00000000c2120000)
  from space 4224K,  16% used [0x00000000c2120000, 0x00000000c21cea90, 0x00000000c2540000)
  to   space 4224K,   0% used [0x00000000c2540000, 0x00000000c2540000, 0x00000000c2960000)
 tenured generation   total 84600K, used 52482K [0x00000000d5550000, 0x00000000da7ee000, 0x0000000100000000)
   the space 84600K,  62% used [0x00000000d5550000, 0x00000000d8890818, 0x00000000d8890a00, 0x00000000da7ee000)
 Metaspace       used 42421K, capacity 42950K, committed 43224K, reserved 1085440K
  class space    used 7440K, capacity 7547K, committed 7640K, reserved 1048576K
Event: 822.178 GC heap after
Heap after GC invocations=43 (full 4):
 def new generation   total 38144K, used 600K [0x00000000c0000000, 0x00000000c2960000, 0x00000000d5550000)
  eden space 33920K,   0% used [0x00000000c0000000, 0x00000000c0000000, 0x00000000c2120000)
  from space 4224K,  14% used [0x00000000c2540000, 0x00000000c25d6318, 0x00000000c2960000)
  to   space 4224K,   0% used [0x00000000c2120000, 0x00000000c2120000, 0x00000000c2540000)
 tenured generation   total 84600K, used 52585K [0x00000000d5550000, 0x00000000da7ee000, 0x0000000100000000)
   the space 84600K,  62% used [0x00000000d5550000, 0x00000000d88aa640, 0x00000000d88aa800, 0x00000000da7ee000)
 Metaspace       used 42421K, capacity 42950K, committed 43224K, reserved 1085440K
  class space    used 7440K, capacity 7547K, committed 7640K, reserved 1048576K
}
Event: 852.302 GC heap before
{Heap before GC invocations=43 (full 4):
 def new generation   total 38144K, used 34520K [0x00000000c0000000, 0x00000000c2960000, 0x00000000d5550000)
  eden space 33920K, 100% used [0x00000000c0000000, 0x00000000c2120000, 0x00000000c2120000)
  from space 4224K,  14% used [0x00000000c2540000, 0x00000000c25d6318, 0x00000000c2960000)
  to   space 4224K,   0% used [0x00000000c2120000, 0x00000000c2120000, 0x00000000c2540000)
 tenured generation   total 84600K, used 52585K [0x00000000d5550000, 0x00000000da7ee000, 0x0000000100000000)
   the space 84600K,  62% used [0x00000000d5550000, 0x00000000d88aa640, 0x00000000d88aa800, 0x00000000da7ee000)
 Metaspace       used 42450K, capacity 42950K, committed 43224K, reserved 1085440K
  class space    used 7440K, capacity 7547K, committed 7640K, reserved 1048576K
Event: 852.306 GC heap after
Heap after GC invocations=44 (full 4):
 def new generation   total 38144K, used 185K [0x00000000c0000000, 0x00000000c2960000, 0x00000000d5550000)
  eden space 33920K,   0% used [0x00000000c0000000, 0x00000000c0000000, 0x00000000c2120000)
  from space 4224K,   4% used [0x00000000c2120000, 0x00000000c214e550, 0x00000000c2540000)
  to   space 4224K,   0% used [0x00000000c2540000, 0x00000000c2540000, 0x00000000c2960000)
 tenured generation   total 84600K, used 53035K [0x00000000d5550000, 0x00000000da7ee000, 0x0000000100000000)
   the space 84600K,  62% used [0x00000000d5550000, 0x00000000d891ad08, 0x00000000d891ae00, 0x00000000da7ee000)
 Metaspace       used 42450K, capacity 42950K, committed 43224K, reserved 1085440K
  class space    used 7440K, capacity 7547K, committed 7640K, reserved 1048576K
}
Event: 882.442 GC heap before
{Heap before GC invocations=44 (full 4):
 def new generation   total 38144K, used 34105K [0x00000000c0000000, 0x00000000c2960000, 0x00000000d5550000)
  eden space 33920K, 100% used [0x00000000c0000000, 0x00000000c2120000, 0x00000000c2120000)
  from space 4224K,   4% used [0x00000000c2120000, 0x00000000c214e550, 0x00000000c2540000)
  to   space 4224K,   0% used [0x00000000c2540000, 0x00000000c2540000, 0x00000000c2960000)
 tenured generation   total 84600K, used 53035K [0x00000000d5550000, 0x00000000da7ee000, 0x0000000100000000)
   the space 84600K,  62% used [0x00000000d5550000, 0x00000000d891ad08, 0x00000000d891ae00, 0x00000000da7ee000)
 Metaspace       used 42459K, capacity 42950K, committed 43224K, reserved 1085440K
  class space    used 7440K, capacity 7547K, committed 7640K, reserved 1048576K
Event: 882.444 GC heap after
Heap after GC invocations=45 (full 4):
 def new generation   total 38144K, used 102K [0x00000000c0000000, 0x00000000c2960000, 0x00000000d5550000)
  eden space 33920K,   0% used [0x00000000c0000000, 0x00000000c0000000, 0x00000000c2120000)
  from space 4224K,   2% used [0x00000000c2540000, 0x00000000c2559b20, 0x00000000c2960000)
  to   space 4224K,   0% used [0x00000000c2120000, 0x00000000c2120000, 0x00000000c2540000)
 tenured generation   total 84600K, used 53080K [0x00000000d5550000, 0x00000000da7ee000, 0x0000000100000000)
   the space 84600K,  62% used [0x00000000d5550000, 0x00000000d89260f0, 0x00000000d8926200, 0x00000000da7ee000)
 Metaspace       used 42459K, capacity 42950K, committed 43224K, reserved 1085440K
  class space    used 7440K, capacity 7547K, committed 7640K, reserved 1048576K
}

Deoptimization events (10 events):
Event: 398.184 Thread 0x00007f7479013000 Uncommon trap: reason=unstable_if action=reinterpret pc=0x00007f74686cbc78 method=java.lang.ThreadLocal$ThreadLocalMap.getEntry(Ljava/lang/ThreadLocal;)Ljava/lang/ThreadLocal$ThreadLocalMap$Entry; @ 29
Event: 398.559 Thread 0x00007f7450082800 Uncommon trap: reason=unstable_if action=reinterpret pc=0x00007f74687c5b5c method=clojure.lang.ArraySeq.createFromObject(Ljava/lang/Object;)Lclojure/lang/ISeq; @ 118
Event: 398.572 Thread 0x00007f7450088000 Uncommon trap: reason=unstable_if action=reinterpret pc=0x00007f746896e67c method=clojure.lang.ArraySeq.createFromObject(Ljava/lang/Object;)Lclojure/lang/ISeq; @ 118
Event: 408.369 Thread 0x00007f7479013000 Uncommon trap: reason=class_check action=maybe_recompile pc=0x00007f746893359c method=clojure.lang.AFn.applyToHelper(Lclojure/lang/IFn;Lclojure/lang/ISeq;)Ljava/lang/Object; @ 211
Event: 418.492 Thread 0x00007f7479013000 Uncommon trap: reason=class_check action=maybe_recompile pc=0x00007f746893359c method=clojure.lang.AFn.applyToHelper(Lclojure/lang/IFn;Lclojure/lang/ISeq;)Ljava/lang/Object; @ 211
Event: 428.604 Thread 0x00007f7479013000 Uncommon trap: reason=class_check action=maybe_recompile pc=0x00007f746893359c method=clojure.lang.AFn.applyToHelper(Lclojure/lang/IFn;Lclojure/lang/ISeq;)Ljava/lang/Object; @ 211
Event: 438.704 Thread 0x00007f7479013000 Uncommon trap: reason=class_check action=maybe_recompile pc=0x00007f746893359c method=clojure.lang.AFn.applyToHelper(Lclojure/lang/IFn;Lclojure/lang/ISeq;)Ljava/lang/Object; @ 211
Event: 933.272 Thread 0x00007f74790ad800 Uncommon trap: reason=unstable_if action=reinterpret pc=0x00007f7468a04250 method=java.util.concurrent.locks.AbstractQueuedSynchronizer.acquireQueued(Ljava/util/concurrent/locks/AbstractQueuedSynchronizer$Node;I)Z @ 25
Event: 933.278 Thread 0x00007f7478d30800 Uncommon trap: reason=unstable_if action=reinterpret pc=0x00007f74684823e4 method=java.util.concurrent.locks.AbstractQueuedSynchronizer.acquireQueued(Ljava/util/concurrent/locks/AbstractQueuedSynchronizer$Node;I)Z @ 17
Event: 968.917 Thread 0x00007f7450080800 Uncommon trap: reason=unstable_if action=reinterpret pc=0x00007f746863e408 method=java.util.concurrent.locks.AbstractQueuedSynchronizer$ConditionObject.unlinkCancelledWaiters()V @ 22

Internal exceptions (10 events):
Event: 6.399 Thread 0x00007f7478796000 Exception <a 'java/lang/NoSuchFieldError': method resolution failed> (0x00000000c06da868) thrown at [/HUDSON3/workspace/8-2-build-linux-amd64/jdk8u121/8372/hotspot/src/share/vm/prims/methodHandles.cpp, line 1146]
Event: 6.418 Thread 0x00007f7478796000 Exception <a 'java/lang/NoSuchFieldError': method resolution failed> (0x00000000c06e7d30) thrown at [/HUDSON3/workspace/8-2-build-linux-amd64/jdk8u121/8372/hotspot/src/share/vm/prims/methodHandles.cpp, line 1146]
Event: 394.654 Thread 0x00007f7450079000 Exception <a 'java/lang/NoSuchMethodError': <clinit>> (0x00000000c0372ad0) thrown at [/HUDSON3/workspace/8-2-build-linux-amd64/jdk8u121/8372/hotspot/src/share/vm/prims/jni.cpp, line 1613]
Event: 394.692 Thread 0x00007f7450079000 Exception <a 'java/io/IOException'> (0x00000000c0526500) thrown at [/HUDSON3/workspace/8-2-build-linux-amd64/jdk8u121/8372/hotspot/src/share/vm/prims/jni.cpp, line 709]
Event: 394.699 Thread 0x00007f7450079000 Exception <a 'java/io/IOException'> (0x00000000c0535260) thrown at [/HUDSON3/workspace/8-2-build-linux-amd64/jdk8u121/8372/hotspot/src/share/vm/prims/jni.cpp, line 709]
Event: 394.750 Thread 0x00007f7450079000 Exception <a 'java/io/IOException'> (0x00000000c060dad0) thrown at [/HUDSON3/workspace/8-2-build-linux-amd64/jdk8u121/8372/hotspot/src/share/vm/prims/jni.cpp, line 709]
Event: 394.750 Thread 0x00007f7450079000 Exception <a 'java/io/IOException'> (0x00000000c0610000) thrown at [/HUDSON3/workspace/8-2-build-linux-amd64/jdk8u121/8372/hotspot/src/share/vm/prims/jni.cpp, line 709]
Event: 394.791 Thread 0x00007f7450079000 Exception <a 'java/io/IOException'> (0x00000000c06701d8) thrown at [/HUDSON3/workspace/8-2-build-linux-amd64/jdk8u121/8372/hotspot/src/share/vm/prims/jni.cpp, line 709]
Event: 394.791 Thread 0x00007f7450079000 Exception <a 'java/io/IOException'> (0x00000000c0672918) thrown at [/HUDSON3/workspace/8-2-build-linux-amd64/jdk8u121/8372/hotspot/src/share/vm/prims/jni.cpp, line 709]
Event: 968.002 Thread 0x00007f747872e000 Exception <a 'java/lang/OutOfMemoryError': unable to create new native thread> (0x00000000c14280c8) thrown at [/HUDSON3/workspace/8-2-build-linux-amd64/jdk8u121/8372/hotspot/src/share/vm/prims/jvm.cpp, line 3033]

Events (10 events):
Event: 970.317 Thread 0x00007f745006b800 Thread exited: 0x00007f745006b800
Event: 970.317 Thread 0x00007f745006d000 Thread exited: 0x00007f745006d000
Event: 970.317 Thread 0x00007f745009a800 Thread exited: 0x00007f745009a800
Event: 970.317 Thread 0x00007f7450086000 Thread exited: 0x00007f7450086000
Event: 970.317 Thread 0x00007f7450089000 Thread exited: 0x00007f7450089000
Event: 970.317 Thread 0x00007f745008e000 Thread exited: 0x00007f745008e000
Event: 970.317 Thread 0x00007f7450059800 Thread exited: 0x00007f7450059800
Event: 970.457 loading class java/lang/Package$1 done
Event: 970.504 Thread 0x00007f7478790000 Thread exited: 0x00007f7478790000
Event: 970.504 loading class java/util/jar/JarInputStream


Dynamic libraries:
00400000-00401000 r-xp 00000000 ca:01 261328                             /usr/lib/jvm/java-8-oracle/bin/java
00600000-00601000 rw-p 00000000 ca:01 261328                             /usr/lib/jvm/java-8-oracle/bin/java
023a6000-023e8000 rw-p 00000000 00:00 0                                  [heap]
c0000000-c2960000 rw-p 00000000 00:00 0 
c2960000-d5550000 ---p 00000000 00:00 0 
d5550000-da7ee000 rw-p 00000000 00:00 0 
da7ee000-100000000 ---p 00000000 00:00 0 
100000000-100776000 rw-p 00000000 00:00 0 
100776000-140000000 ---p 00000000 00:00 0 
7f74432b9000-7f7443379000 rw-p 00000000 00:00 0 
7f7443379000-7f74434bc000 ---p 00000000 00:00 0 
7f74434bc000-7f74435ba000 rw-p 00000000 00:00 0 
7f74435ba000-7f74435bd000 ---p 00000000 00:00 0 
7f74435bd000-7f74436bb000 rw-p 00000000 00:00 0 
7f74438bd000-7f74438c0000 ---p 00000000 00:00 0 
7f74438c0000-7f74439be000 rw-p 00000000 00:00 0 
7f74439be000-7f74439c1000 ---p 00000000 00:00 0 
7f74439c1000-7f7443abf000 rw-p 00000000 00:00 0 
7f7443abf000-7f7443ac2000 ---p 00000000 00:00 0 
7f7443ac2000-7f7443bc0000 rw-p 00000000 00:00 0 
7f7443bc0000-7f7443bc3000 ---p 00000000 00:00 0 
7f7443bc3000-7f7443cc1000 rw-p 00000000 00:00 0 
7f7443cc1000-7f7443cc4000 ---p 00000000 00:00 0 
7f7443cc4000-7f7443dc2000 rw-p 00000000 00:00 0 
7f7443fc4000-7f7443fc7000 ---p 00000000 00:00 0 
7f7443fc7000-7f74440c5000 rw-p 00000000 00:00 0 
7f74441c6000-7f74441c9000 ---p 00000000 00:00 0 
7f74441c9000-7f74442c7000 rw-p 00000000 00:00 0 
7f74442c7000-7f74442ca000 ---p 00000000 00:00 0 
7f74442ca000-7f74443c8000 rw-p 00000000 00:00 0 
7f74444c9000-7f74444cc000 ---p 00000000 00:00 0 
7f74444cc000-7f74445ca000 rw-p 00000000 00:00 0 
7f74445ca000-7f74445cd000 ---p 00000000 00:00 0 
7f74445cd000-7f74446cb000 rw-p 00000000 00:00 0 
7f74446cb000-7f74446ce000 ---p 00000000 00:00 0 
7f74446ce000-7f74447cc000 rw-p 00000000 00:00 0 
7f74447cc000-7f74447cf000 ---p 00000000 00:00 0 
7f74447cf000-7f74448cd000 rw-p 00000000 00:00 0 
7f74448cd000-7f74448d0000 ---p 00000000 00:00 0 
7f74448d0000-7f74449ce000 rw-p 00000000 00:00 0 
7f74449ce000-7f74449d1000 ---p 00000000 00:00 0 
7f74449d1000-7f7444acf000 rw-p 00000000 00:00 0 
7f7444acf000-7f7444ad2000 ---p 00000000 00:00 0 
7f7444ad2000-7f7444bd0000 rw-p 00000000 00:00 0 
7f7444bd0000-7f7444bd3000 ---p 00000000 00:00 0 
7f7444bd3000-7f7444cd1000 rw-p 00000000 00:00 0 
7f7444cd1000-7f7444cd4000 ---p 00000000 00:00 0 
7f7444cd4000-7f7444dd2000 rw-p 00000000 00:00 0 
7f7444dd2000-7f7444dd5000 ---p 00000000 00:00 0 
7f7444dd5000-7f7444ed3000 rw-p 00000000 00:00 0 
7f7444ed3000-7f7444ed6000 ---p 00000000 00:00 0 
7f7444ed6000-7f7444fd4000 rw-p 00000000 00:00 0 
7f7444fd4000-7f7444fd7000 ---p 00000000 00:00 0 
7f7444fd7000-7f74450d5000 rw-p 00000000 00:00 0 
7f74451d6000-7f74451d9000 ---p 00000000 00:00 0 
7f74451d9000-7f74452d7000 rw-p 00000000 00:00 0 
7f74453d8000-7f74453db000 ---p 00000000 00:00 0 
7f74453db000-7f74454d9000 rw-p 00000000 00:00 0 
7f74454d9000-7f74454dc000 ---p 00000000 00:00 0 
7f74454dc000-7f74455da000 rw-p 00000000 00:00 0 
7f74455da000-7f74455dd000 ---p 00000000 00:00 0 
7f74455dd000-7f74456db000 rw-p 00000000 00:00 0 
7f74458dd000-7f74458e0000 ---p 00000000 00:00 0 
7f74458e0000-7f74459de000 rw-p 00000000 00:00 0 
7f74459de000-7f74459e1000 ---p 00000000 00:00 0 
7f74459e1000-7f7445adf000 rw-p 00000000 00:00 0 
7f7445adf000-7f7445ae2000 ---p 00000000 00:00 0 
7f7445ae2000-7f7445be0000 rw-p 00000000 00:00 0 
7f7445ce1000-7f7445ce4000 ---p 00000000 00:00 0 
7f7445ce4000-7f7445de2000 rw-p 00000000 00:00 0 
7f7445de2000-7f7445de5000 ---p 00000000 00:00 0 
7f7445de5000-7f7445ee3000 rw-p 00000000 00:00 0 
7f7445ee3000-7f7445ee6000 ---p 00000000 00:00 0 
7f7445ee6000-7f7445fe4000 rw-p 00000000 00:00 0 
7f7445fe4000-7f7445fe7000 ---p 00000000 00:00 0 
7f7445fe7000-7f74460e5000 rw-p 00000000 00:00 0 
7f74460e5000-7f74460e8000 ---p 00000000 00:00 0 
7f74460e8000-7f74461e6000 rw-p 00000000 00:00 0 
7f74461e6000-7f74461e9000 ---p 00000000 00:00 0 
7f74461e9000-7f74462e7000 rw-p 00000000 00:00 0 
7f74462e7000-7f74462ea000 ---p 00000000 00:00 0 
7f74462ea000-7f74463e8000 rw-p 00000000 00:00 0 
7f74463e8000-7f74463eb000 ---p 00000000 00:00 0 
7f74463eb000-7f74466e9000 rw-p 00000000 00:00 0 
7f74467ea000-7f74467ed000 ---p 00000000 00:00 0 
7f74467ed000-7f74468eb000 rw-p 00000000 00:00 0 
7f74468eb000-7f74468ee000 ---p 00000000 00:00 0 
7f74468ee000-7f74469ec000 rw-p 00000000 00:00 0 
7f74469ec000-7f74469ef000 ---p 00000000 00:00 0 
7f74469ef000-7f7446aed000 rw-p 00000000 00:00 0 
7f7446aed000-7f7446af0000 ---p 00000000 00:00 0 
7f7446af0000-7f7446bee000 rw-p 00000000 00:00 0 
7f7446bee000-7f7446bf1000 ---p 00000000 00:00 0 
7f7446bf1000-7f7446cef000 rw-p 00000000 00:00 0 
7f7446cef000-7f7446cf2000 ---p 00000000 00:00 0 
7f7446cf2000-7f7446df0000 rw-p 00000000 00:00 0 
7f7446df0000-7f7446df3000 ---p 00000000 00:00 0 
7f7446df3000-7f7446ef1000 rw-p 00000000 00:00 0 
7f7446ef1000-7f7446ef4000 ---p 00000000 00:00 0 
7f7446ef4000-7f7446ff2000 rw-p 00000000 00:00 0 
7f7446ff2000-7f7446ff5000 ---p 00000000 00:00 0 
7f7446ff5000-7f74472f3000 rw-p 00000000 00:00 0 
7f74472f3000-7f74472f6000 ---p 00000000 00:00 0 
7f74472f6000-7f74473f4000 rw-p 00000000 00:00 0 
7f74473f4000-7f74473f7000 ---p 00000000 00:00 0 
7f74473f7000-7f74474f5000 rw-p 00000000 00:00 0 
7f74474f5000-7f74474f8000 ---p 00000000 00:00 0 
7f74474f8000-7f74475f6000 rw-p 00000000 00:00 0 
7f74475f6000-7f74475f9000 ---p 00000000 00:00 0 
7f74475f9000-7f74476f7000 rw-p 00000000 00:00 0 
7f74476f7000-7f74476fa000 ---p 00000000 00:00 0 
7f74476fa000-7f74477f8000 rw-p 00000000 00:00 0 
7f74477f8000-7f74477fb000 ---p 00000000 00:00 0 
7f74477fb000-7f74478f9000 rw-p 00000000 00:00 0 
7f74478f9000-7f74478fc000 ---p 00000000 00:00 0 
7f74478fc000-7f74479fa000 rw-p 00000000 00:00 0 
7f74479fa000-7f74479fd000 ---p 00000000 00:00 0 
7f74479fd000-7f7447afb000 rw-p 00000000 00:00 0 
7f7447afb000-7f7447afe000 ---p 00000000 00:00 0 
7f7447afe000-7f7447bfc000 rw-p 00000000 00:00 0 
7f7447bfc000-7f7447bff000 ---p 00000000 00:00 0 
7f7447bff000-7f7447cfd000 rw-p 00000000 00:00 0 
7f7447cfd000-7f7447d00000 ---p 00000000 00:00 0 
7f7447d00000-7f7447dfe000 rw-p 00000000 00:00 0 
7f7447dfe000-7f7447e01000 ---p 00000000 00:00 0 
7f7447e01000-7f7447eff000 rw-p 00000000 00:00 0 
7f7447eff000-7f7447f02000 ---p 00000000 00:00 0 
7f7447f02000-7f7448000000 rw-p 00000000 00:00 0 
7f7448000000-7f74487e9000 rw-p 00000000 00:00 0 
7f74487e9000-7f744c000000 ---p 00000000 00:00 0 
7f744c000000-7f744c294000 rw-p 00000000 00:00 0 
7f744c294000-7f7450000000 ---p 00000000 00:00 0 
7f7450000000-7f74502e4000 rw-p 00000000 00:00 0 
7f74502e4000-7f7454000000 ---p 00000000 00:00 0 
7f7454000000-7f74561f1000 rw-p 00000000 00:00 0 
7f74561f1000-7f7458000000 ---p 00000000 00:00 0 
7f7458000000-7f7458021000 rw-p 00000000 00:00 0 
7f7458021000-7f745c000000 ---p 00000000 00:00 0 
7f745c000000-7f745c0e9000 rw-p 00000000 00:00 0 
7f745c0e9000-7f7460000000 ---p 00000000 00:00 0 
7f7460000000-7f74606d0000 rw-p 00000000 00:00 0 
7f74606d0000-7f7464000000 ---p 00000000 00:00 0 
7f7464074000-7f7464077000 ---p 00000000 00:00 0 
7f7464077000-7f7464375000 rw-p 00000000 00:00 0 
7f7464375000-7f7464575000 rw-p 00000000 00:00 0 
7f7464575000-7f7464775000 rw-p 00000000 00:00 0 
7f7464775000-7f7464975000 rw-p 00000000 00:00 0 
7f7464975000-7f7464b75000 rw-p 00000000 00:00 0 
7f7464b75000-7f7464d75000 rw-p 00000000 00:00 0 
7f7464d75000-7f7464d86000 r-xp 00000000 ca:01 261437                     /usr/lib/jvm/java-8-oracle/jre/lib/amd64/libnio.so
7f7464d86000-7f7464f85000 ---p 00011000 ca:01 261437                     /usr/lib/jvm/java-8-oracle/jre/lib/amd64/libnio.so
7f7464f85000-7f7464f86000 rw-p 00010000 ca:01 261437                     /usr/lib/jvm/java-8-oracle/jre/lib/amd64/libnio.so
7f7464f86000-7f7464f89000 ---p 00000000 00:00 0 
7f7464f89000-7f7465287000 rw-p 00000000 00:00 0 
7f7465287000-7f74652a2000 r--s 001d3000 ca:01 261491                     /usr/lib/jvm/java-8-oracle/jre/lib/ext/nashorn.jar
7f74652a2000-7f74652b9000 r-xp 00000000 ca:01 2130                       /lib/x86_64-linux-gnu/libresolv-2.23.so
7f74652b9000-7f74654b9000 ---p 00017000 ca:01 2130                       /lib/x86_64-linux-gnu/libresolv-2.23.so
7f74654b9000-7f74654ba000 r--p 00017000 ca:01 2130                       /lib/x86_64-linux-gnu/libresolv-2.23.so
7f74654ba000-7f74654bb000 rw-p 00018000 ca:01 2130                       /lib/x86_64-linux-gnu/libresolv-2.23.so
7f74654bb000-7f74654bd000 rw-p 00000000 00:00 0 
7f74654bd000-7f74654c2000 r-xp 00000000 ca:01 2133                       /lib/x86_64-linux-gnu/libnss_dns-2.23.so
7f74654c2000-7f74656c2000 ---p 00005000 ca:01 2133                       /lib/x86_64-linux-gnu/libnss_dns-2.23.so
7f74656c2000-7f74656c3000 r--p 00005000 ca:01 2133                       /lib/x86_64-linux-gnu/libnss_dns-2.23.so
7f74656c3000-7f74656c4000 rw-p 00006000 ca:01 2133                       /lib/x86_64-linux-gnu/libnss_dns-2.23.so
7f74656c4000-7f74656da000 r-xp 00000000 ca:01 261412                     /usr/lib/jvm/java-8-oracle/jre/lib/amd64/libnet.so
7f74656da000-7f74658da000 ---p 00016000 ca:01 261412                     /usr/lib/jvm/java-8-oracle/jre/lib/amd64/libnet.so
7f74658da000-7f74658db000 rw-p 00016000 ca:01 261412                     /usr/lib/jvm/java-8-oracle/jre/lib/amd64/libnet.so
7f74658db000-7f7465adb000 rw-p 00000000 00:00 0 
7f7465adb000-7f7465ade000 ---p 00000000 00:00 0 
7f7465ade000-7f7465bdc000 rw-p 00000000 00:00 0 
7f7465bdc000-7f7465be5000 r-xp 00000000 ca:01 261448                     /usr/lib/jvm/java-8-oracle/jre/lib/amd64/libmanagement.so
7f7465be5000-7f7465de4000 ---p 00009000 ca:01 261448                     /usr/lib/jvm/java-8-oracle/jre/lib/amd64/libmanagement.so
7f7465de4000-7f7465de5000 rw-p 00008000 ca:01 261448                     /usr/lib/jvm/java-8-oracle/jre/lib/amd64/libmanagement.so
7f7465de5000-7f7465fe5000 rw-p 00000000 00:00 0 
7f7465fe5000-7f74661e5000 rw-p 00000000 00:00 0 
7f74661e5000-7f746621e000 r--s 00228000 ca:01 261883                     /home/ubuntu/Storm/apache-storm-1.1.0/lib/storm-rename-hack-1.1.0.jar
7f746621e000-7f746641e000 rw-p 00000000 00:00 0 
7f746641e000-7f746645f000 r--s 00368000 ca:01 261874                     /home/ubuntu/Storm/apache-storm-1.1.0/lib/clojure-1.7.0.jar
7f746645f000-7f746647b000 r--s 00136000 ca:01 261878                     /home/ubuntu/Storm/apache-storm-1.1.0/lib/log4j-core-2.8.jar
7f746647b000-7f7466665000 r--s 0149c000 ca:01 261868                     /home/ubuntu/Storm/apache-storm-1.1.0/lib/storm-core-1.1.0.jar
7f7466665000-7f7466666000 ---p 00000000 00:00 0 
7f7466666000-7f7466766000 rw-p 00000000 00:00 0 
7f7466766000-7f7466769000 ---p 00000000 00:00 0 
7f7466769000-7f7466867000 rw-p 00000000 00:00 0 
7f7466867000-7f746686a000 ---p 00000000 00:00 0 
7f746686a000-7f7466968000 rw-p 00000000 00:00 0 
7f7466968000-7f746696b000 ---p 00000000 00:00 0 
7f746696b000-7f7466a69000 rw-p 00000000 00:00 0 
7f7466a69000-7f7466a6c000 ---p 00000000 00:00 0 
7f7466a6c000-7f7466b6a000 rw-p 00000000 00:00 0 
7f7466b6a000-7f7466d02000 r--p 00000000 ca:01 28937                      /usr/lib/locale/locale-archive
7f7466d02000-7f7466d05000 ---p 00000000 00:00 0 
7f7466d05000-7f7466e03000 rw-p 00000000 00:00 0 
7f7466e03000-7f7466e06000 ---p 00000000 00:00 0 
7f7466e06000-7f7466f04000 rw-p 00000000 00:00 0 
7f7466f04000-7f7466f05000 ---p 00000000 00:00 0 
7f7466f05000-7f7467005000 rw-p 00000000 00:00 0 
7f7467005000-7f74671de000 r--s 03d3e000 ca:01 261404                     /usr/lib/jvm/java-8-oracle/jre/lib/rt.jar
7f74671de000-7f7467a54000 rw-p 00000000 00:00 0 
7f7467a54000-7f7467a7e000 rw-p 00000000 00:00 0 
7f7467a7e000-7f7467baa000 ---p 00000000 00:00 0 
7f7467baa000-7f7467bbf000 rw-p 00000000 00:00 0 
7f7467bbf000-7f7467c54000 ---p 00000000 00:00 0 
7f7467c54000-7f7467c7e000 rw-p 00000000 00:00 0 
7f7467c7e000-7f7467daa000 ---p 00000000 00:00 0 
7f7467daa000-7f7467dd9000 rw-p 00000000 00:00 0 
7f7467dd9000-7f746816b000 ---p 00000000 00:00 0 
7f746816b000-7f7468cdb000 rwxp 00000000 00:00 0 
7f7468cdb000-7f747716b000 ---p 00000000 00:00 0 
7f747716b000-7f7477185000 r-xp 00000000 ca:01 261435                     /usr/lib/jvm/java-8-oracle/jre/lib/amd64/libzip.so
7f7477185000-7f7477385000 ---p 0001a000 ca:01 261435                     /usr/lib/jvm/java-8-oracle/jre/lib/amd64/libzip.so
7f7477385000-7f7477386000 rw-p 0001a000 ca:01 261435                     /usr/lib/jvm/java-8-oracle/jre/lib/amd64/libzip.so
7f7477386000-7f7477391000 r-xp 00000000 ca:01 2072                       /lib/x86_64-linux-gnu/libnss_files-2.23.so
7f7477391000-7f7477590000 ---p 0000b000 ca:01 2072                       /lib/x86_64-linux-gnu/libnss_files-2.23.so
7f7477590000-7f7477591000 r--p 0000a000 ca:01 2072                       /lib/x86_64-linux-gnu/libnss_files-2.23.so
7f7477591000-7f7477592000 rw-p 0000b000 ca:01 2072                       /lib/x86_64-linux-gnu/libnss_files-2.23.so
7f7477592000-7f7477598000 rw-p 00000000 00:00 0 
7f7477598000-7f74775a3000 r-xp 00000000 ca:01 2061                       /lib/x86_64-linux-gnu/libnss_nis-2.23.so
7f74775a3000-7f74777a2000 ---p 0000b000 ca:01 2061                       /lib/x86_64-linux-gnu/libnss_nis-2.23.so
7f74777a2000-7f74777a3000 r--p 0000a000 ca:01 2061                       /lib/x86_64-linux-gnu/libnss_nis-2.23.so
7f74777a3000-7f74777a4000 rw-p 0000b000 ca:01 2061                       /lib/x86_64-linux-gnu/libnss_nis-2.23.so
7f74777a4000-7f74777ba000 r-xp 00000000 ca:01 2065                       /lib/x86_64-linux-gnu/libnsl-2.23.so
7f74777ba000-7f74779b9000 ---p 00016000 ca:01 2065                       /lib/x86_64-linux-gnu/libnsl-2.23.so
7f74779b9000-7f74779ba000 r--p 00015000 ca:01 2065                       /lib/x86_64-linux-gnu/libnsl-2.23.so
7f74779ba000-7f74779bb000 rw-p 00016000 ca:01 2065                       /lib/x86_64-linux-gnu/libnsl-2.23.so
7f74779bb000-7f74779bd000 rw-p 00000000 00:00 0 
7f74779bd000-7f74779c5000 r-xp 00000000 ca:01 2074                       /lib/x86_64-linux-gnu/libnss_compat-2.23.so
7f74779c5000-7f7477bc4000 ---p 00008000 ca:01 2074                       /lib/x86_64-linux-gnu/libnss_compat-2.23.so
7f7477bc4000-7f7477bc5000 r--p 00007000 ca:01 2074                       /lib/x86_64-linux-gnu/libnss_compat-2.23.so
7f7477bc5000-7f7477bc6000 rw-p 00008000 ca:01 2074                       /lib/x86_64-linux-gnu/libnss_compat-2.23.so
7f7477bc6000-7f7477bf1000 r-xp 00000000 ca:01 261462                     /usr/lib/jvm/java-8-oracle/jre/lib/amd64/libjava.so
7f7477bf1000-7f7477df0000 ---p 0002b000 ca:01 261462                     /usr/lib/jvm/java-8-oracle/jre/lib/amd64/libjava.so
7f7477df0000-7f7477df2000 rw-p 0002a000 ca:01 261462                     /usr/lib/jvm/java-8-oracle/jre/lib/amd64/libjava.so
7f7477df2000-7f7477dff000 r-xp 00000000 ca:01 261413                     /usr/lib/jvm/java-8-oracle/jre/lib/amd64/libverify.so
7f7477dff000-7f7477ffe000 ---p 0000d000 ca:01 261413                     /usr/lib/jvm/java-8-oracle/jre/lib/amd64/libverify.so
7f7477ffe000-7f7478000000 rw-p 0000c000 ca:01 261413                     /usr/lib/jvm/java-8-oracle/jre/lib/amd64/libverify.so
7f7478000000-7f74793c1000 rw-p 00000000 00:00 0 
7f74793c1000-7f747c000000 ---p 00000000 00:00 0 
7f747c015000-7f747c019000 r--s 0009a000 ca:01 261356                     /usr/lib/jvm/java-8-oracle/jre/lib/jsse.jar
7f747c019000-7f747c05b000 rw-p 00000000 00:00 0 
7f747c05b000-7f747c062000 r-xp 00000000 ca:01 2077                       /lib/x86_64-linux-gnu/librt-2.23.so
7f747c062000-7f747c261000 ---p 00007000 ca:01 2077                       /lib/x86_64-linux-gnu/librt-2.23.so
7f747c261000-7f747c262000 r--p 00006000 ca:01 2077                       /lib/x86_64-linux-gnu/librt-2.23.so
7f747c262000-7f747c263000 rw-p 00007000 ca:01 2077                       /lib/x86_64-linux-gnu/librt-2.23.so
7f747c263000-7f747c36b000 r-xp 00000000 ca:01 2064                       /lib/x86_64-linux-gnu/libm-2.23.so
7f747c36b000-7f747c56a000 ---p 00108000 ca:01 2064                       /lib/x86_64-linux-gnu/libm-2.23.so
7f747c56a000-7f747c56b000 r--p 00107000 ca:01 2064                       /lib/x86_64-linux-gnu/libm-2.23.so
7f747c56b000-7f747c56c000 rw-p 00108000 ca:01 2064                       /lib/x86_64-linux-gnu/libm-2.23.so
7f747c56c000-7f747d23a000 r-xp 00000000 ca:01 261466                     /usr/lib/jvm/java-8-oracle/jre/lib/amd64/server/libjvm.so
7f747d23a000-7f747d43a000 ---p 00cce000 ca:01 261466                     /usr/lib/jvm/java-8-oracle/jre/lib/amd64/server/libjvm.so
7f747d43a000-7f747d513000 rw-p 00cce000 ca:01 261466                     /usr/lib/jvm/java-8-oracle/jre/lib/amd64/server/libjvm.so
7f747d513000-7f747d55e000 rw-p 00000000 00:00 0 
7f747d55e000-7f747d71d000 r-xp 00000000 ca:01 2066                       /lib/x86_64-linux-gnu/libc-2.23.so
7f747d71d000-7f747d91d000 ---p 001bf000 ca:01 2066                       /lib/x86_64-linux-gnu/libc-2.23.so
7f747d91d000-7f747d921000 r--p 001bf000 ca:01 2066                       /lib/x86_64-linux-gnu/libc-2.23.so
7f747d921000-7f747d923000 rw-p 001c3000 ca:01 2066                       /lib/x86_64-linux-gnu/libc-2.23.so
7f747d923000-7f747d927000 rw-p 00000000 00:00 0 
7f747d927000-7f747d92a000 r-xp 00000000 ca:01 2060                       /lib/x86_64-linux-gnu/libdl-2.23.so
7f747d92a000-7f747db29000 ---p 00003000 ca:01 2060                       /lib/x86_64-linux-gnu/libdl-2.23.so
7f747db29000-7f747db2a000 r--p 00002000 ca:01 2060                       /lib/x86_64-linux-gnu/libdl-2.23.so
7f747db2a000-7f747db2b000 rw-p 00003000 ca:01 2060                       /lib/x86_64-linux-gnu/libdl-2.23.so
7f747db2b000-7f747db40000 r-xp 00000000 ca:01 260547                     /usr/lib/jvm/java-8-oracle/lib/amd64/jli/libjli.so
7f747db40000-7f747dd40000 ---p 00015000 ca:01 260547                     /usr/lib/jvm/java-8-oracle/lib/amd64/jli/libjli.so
7f747dd40000-7f747dd41000 rw-p 00015000 ca:01 260547                     /usr/lib/jvm/java-8-oracle/lib/amd64/jli/libjli.so
7f747dd41000-7f747dd59000 r-xp 00000000 ca:01 2082                       /lib/x86_64-linux-gnu/libpthread-2.23.so
7f747dd59000-7f747df58000 ---p 00018000 ca:01 2082                       /lib/x86_64-linux-gnu/libpthread-2.23.so
7f747df58000-7f747df59000 r--p 00017000 ca:01 2082                       /lib/x86_64-linux-gnu/libpthread-2.23.so
7f747df59000-7f747df5a000 rw-p 00018000 ca:01 2082                       /lib/x86_64-linux-gnu/libpthread-2.23.so
7f747df5a000-7f747df5e000 rw-p 00000000 00:00 0 
7f747df5e000-7f747df84000 r-xp 00000000 ca:01 2069                       /lib/x86_64-linux-gnu/ld-2.23.so
7f747df84000-7f747df85000 r--s 00001000 ca:01 261872                     /home/ubuntu/Storm/apache-storm-1.1.0/lib/minlog-1.3.0.jar
7f747df85000-7f747df8b000 r--s 00040000 ca:01 261869                     /home/ubuntu/Storm/apache-storm-1.1.0/lib/kryo-3.0.3.jar
7f747df8b000-7f747df8c000 r--s 00001000 ca:01 261875                     /home/ubuntu/Storm/apache-storm-1.1.0/lib/ring-cors-0.1.5.jar
7f747df8c000-7f747df8d000 r--s 00005000 ca:01 261879                     /home/ubuntu/Storm/apache-storm-1.1.0/lib/log4j-slf4j-impl-2.8.jar
7f747df8d000-7f747df8f000 r--s 00004000 ca:01 261870                     /home/ubuntu/Storm/apache-storm-1.1.0/lib/reflectasm-1.10.1.jar
7f747df8f000-7f747df91000 r--s 00004000 ca:01 261881                     /home/ubuntu/Storm/apache-storm-1.1.0/lib/log4j-over-slf4j-1.6.6.jar
7f747df91000-7f747df96000 r--s 00033000 ca:01 261877                     /home/ubuntu/Storm/apache-storm-1.1.0/lib/log4j-api-2.8.jar
7f747df96000-7f747df97000 r--s 0000c000 ca:01 261871                     /home/ubuntu/Storm/apache-storm-1.1.0/lib/asm-5.0.3.jar
7f747df97000-7f747df9a000 r--s 00011000 ca:01 261876                     /home/ubuntu/Storm/apache-storm-1.1.0/lib/disruptor-3.3.2.jar
7f747df9a000-7f747e06c000 rw-p 00000000 00:00 0 
7f747e06c000-7f747e074000 rw-s 00000000 ca:01 24454                      /tmp/hsperfdata_ubuntu/2789
7f747e077000-7f747e179000 rw-p 00000000 00:00 0 
7f747e179000-7f747e17b000 r--s 00009000 ca:01 261880                     /home/ubuntu/Storm/apache-storm-1.1.0/lib/slf4j-api-1.7.21.jar
7f747e17b000-7f747e17d000 r--s 00009000 ca:01 261873                     /home/ubuntu/Storm/apache-storm-1.1.0/lib/objenesis-2.1.jar
7f747e17d000-7f747e17f000 r--s 00018000 ca:01 261882                     /home/ubuntu/Storm/apache-storm-1.1.0/lib/servlet-api-2.5.jar
7f747e17f000-7f747e180000 rw-p 00000000 00:00 0 
7f747e180000-7f747e181000 r--p 00000000 00:00 0 
7f747e181000-7f747e183000 rw-p 00000000 00:00 0 
7f747e183000-7f747e184000 r--p 00025000 ca:01 2069                       /lib/x86_64-linux-gnu/ld-2.23.so
7f747e184000-7f747e185000 rw-p 00026000 ca:01 2069                       /lib/x86_64-linux-gnu/ld-2.23.so
7f747e185000-7f747e186000 rw-p 00000000 00:00 0 
7ffd21241000-7ffd21262000 rw-p 00000000 00:00 0                          [stack]
7ffd213ba000-7ffd213bc000 r--p 00000000 00:00 0                          [vvar]
7ffd213bc000-7ffd213be000 r-xp 00000000 00:00 0                          [vdso]
ffffffffff600000-ffffffffff601000 r-xp 00000000 00:00 0                  [vsyscall]

VM Arguments:
jvm_args: -Ddaemon.name=nimbus -Dstorm.options= -Dstorm.home=/home/ubuntu/Storm/apache-storm-1.1.0 -Dstorm.log.dir=/home/ubuntu/Storm/apache-storm-1.1.0/logs -Djava.library.path=/usr/local/lib:/opt/local/lib:/usr/lib -Dstorm.conf.file= -Xmx1024m -Dlogfile.name=nimbus.log -DLog4jContextSelector=org.apache.logging.log4j.core.async.AsyncLoggerContextSelector -Dlog4j.configurationFile=/home/ubuntu/Storm/apache-storm-1.1.0/log4j2/cluster.xml 
java_command: org.apache.storm.daemon.nimbus
java_class_path (initial): /home/ubuntu/Storm/apache-storm-1.1.0/lib/servlet-api-2.5.jar:/home/ubuntu/Storm/apache-storm-1.1.0/lib/objenesis-2.1.jar:/home/ubuntu/Storm/apache-storm-1.1.0/lib/slf4j-api-1.7.21.jar:/home/ubuntu/Storm/apache-storm-1.1.0/lib/storm-core-1.1.0.jar:/home/ubuntu/Storm/apache-storm-1.1.0/lib/disruptor-3.3.2.jar:/home/ubuntu/Storm/apache-storm-1.1.0/lib/asm-5.0.3.jar:/home/ubuntu/Storm/apache-storm-1.1.0/lib/log4j-api-2.8.jar:/home/ubuntu/Storm/apache-storm-1.1.0/lib/log4j-core-2.8.jar:/home/ubuntu/Storm/apache-storm-1.1.0/lib/clojure-1.7.0.jar:/home/ubuntu/Storm/apache-storm-1.1.0/lib/storm-rename-hack-1.1.0.jar:/home/ubuntu/Storm/apache-storm-1.1.0/lib/log4j-over-slf4j-1.6.6.jar:/home/ubuntu/Storm/apache-storm-1.1.0/lib/reflectasm-1.10.1.jar:/home/ubuntu/Storm/apache-storm-1.1.0/lib/log4j-slf4j-impl-2.8.jar:/home/ubuntu/Storm/apache-storm-1.1.0/lib/ring-cors-0.1.5.jar:/home/ubuntu/Storm/apache-storm-1.1.0/lib/kryo-3.0.3.jar:/home/ubuntu/Storm/apache-storm-1.1.0/lib/minlog-1.3.0.jar:/home/ubuntu/Storm/apache-storm-1.1.0/conf
Launcher Type: SUN_STANDARD

Environment Variables:
JAVA_HOME=/usr/lib/jvm/java-8-oracle
PATH=/home/ubuntu/bin:/home/ubuntu/.local/bin:/usr/local/sbin:/usr/local/bin:/usr/sbin:/usr/bin:/sbin:/bin:/usr/games:/usr/local/games:/snap/bin:/usr/lib/jvm/java-8-oracle/bin:/usr/lib/jvm/java-8-oracle/db/bin:/usr/lib/jvm/java-8-oracle/jre/bin
SHELL=/bin/bash

Signal Handlers:
SIGSEGV: [libjvm.so+0xac78c0], sa_mask[0]=11111111011111111101111111111110, sa_flags=SA_RESTART|SA_SIGINFO
SIGBUS: [libjvm.so+0xac78c0], sa_mask[0]=11111111011111111101111111111110, sa_flags=SA_RESTART|SA_SIGINFO
SIGFPE: [libjvm.so+0x920ac0], sa_mask[0]=11111111011111111101111111111110, sa_flags=SA_RESTART|SA_SIGINFO
SIGPIPE: [libjvm.so+0x920ac0], sa_mask[0]=11111111011111111101111111111110, sa_flags=SA_RESTART|SA_SIGINFO
SIGXFSZ: [libjvm.so+0x920ac0], sa_mask[0]=11111111011111111101111111111110, sa_flags=SA_RESTART|SA_SIGINFO
SIGILL: [libjvm.so+0x920ac0], sa_mask[0]=11111111011111111101111111111110, sa_flags=SA_RESTART|SA_SIGINFO
SIGUSR1: SIG_DFL, sa_mask[0]=00000000000000000000000000000000, sa_flags=none
SIGUSR2: [libjvm.so+0x922300], sa_mask[0]=00000000000000000000000000000000, sa_flags=SA_RESTART|SA_SIGINFO
SIGHUP: SIG_IGN, sa_mask[0]=00000000000000000000000000000000, sa_flags=none
SIGINT: [libjvm.so+0x923700], sa_mask[0]=11111111011111111101111111111110, sa_flags=SA_RESTART|SA_SIGINFO
SIGTERM: [libjvm.so+0x923700], sa_mask[0]=11111111011111111101111111111110, sa_flags=SA_RESTART|SA_SIGINFO
SIGQUIT: [libjvm.so+0x923700], sa_mask[0]=11111111011111111101111111111110, sa_flags=SA_RESTART|SA_SIGINFO


---------------  S Y S T E M  ---------------

OS:DISTRIB_ID=Ubuntu
DISTRIB_RELEASE=16.04
DISTRIB_CODENAME=xenial
DISTRIB_DESCRIPTION="Ubuntu 16.04.2 LTS"

uname:Linux 4.4.0-1013-aws #22-Ubuntu SMP Fri Mar 31 15:41:31 UTC 2017 x86_64
libc:glibc 2.23 NPTL 2.23 
rlimit: STACK 8192k, CORE 0k, NPROC 3902, NOFILE 65536, AS infinity
load average:19.50 6.21 2.28

/proc/meminfo:
MemTotal:        1014460 kB
MemFree:           56396 kB
MemAvailable:          0 kB
Buffers:              84 kB
Cached:             8560 kB
SwapCached:            0 kB
Active:           899980 kB
Inactive:           4432 kB
Active(anon):     898668 kB
Inactive(anon):     2716 kB
Active(file):       1312 kB
Inactive(file):     1716 kB
Unevictable:        3656 kB
Mlocked:            3656 kB
SwapTotal:             0 kB
SwapFree:              0 kB
Dirty:               104 kB
Writeback:             0 kB
AnonPages:        899440 kB
Mapped:             4412 kB
Shmem:              3180 kB
Slab:              28336 kB
SReclaimable:      11844 kB
SUnreclaim:        16492 kB
KernelStack:        4704 kB
PageTables:         5632 kB
NFS_Unstable:          0 kB
Bounce:                0 kB
WritebackTmp:          0 kB
CommitLimit:      507228 kB
Committed_AS:    1059680 kB
VmallocTotal:   34359738367 kB
VmallocUsed:           0 kB
VmallocChunk:          0 kB
HardwareCorrupted:     0 kB
AnonHugePages:    653312 kB
CmaTotal:              0 kB
CmaFree:               0 kB
HugePages_Total:       0
HugePages_Free:        0
HugePages_Rsvd:        0
HugePages_Surp:        0
Hugepagesize:       2048 kB
DirectMap4k:       40960 kB
DirectMap2M:     1007616 kB


CPU:total 1 (1 cores per cpu, 1 threads per core) family 6 model 63 stepping 2, cmov, cx8, fxsr, mmx, sse, sse2, sse3, ssse3, sse4.1, sse4.2, popcnt, avx, avx2, aes, clmul, erms, lzcnt, tsc, bmi1, bmi2

/proc/cpuinfo:
processor	: 0
vendor_id	: GenuineIntel
cpu family	: 6
model		: 63
model name	: Intel(R) Xeon(R) CPU E5-2676 v3 @ 2.40GHz
stepping	: 2
microcode	: 0x36
cpu MHz		: 2400.102
cache size	: 30720 KB
physical id	: 0
siblings	: 1
core id		: 0
cpu cores	: 1
apicid		: 0
initial apicid	: 0
fpu		: yes
fpu_exception	: yes
cpuid level	: 13
wp		: yes
flags		: fpu vme de pse tsc msr pae mce cx8 apic sep mtrr pge mca cmov pat pse36 clflush mmx fxsr sse sse2 ht syscall nx rdtscp lm constant_tsc rep_good nopl xtopology eagerfpu pni pclmulqdq ssse3 fma cx16 pcid sse4_1 sse4_2 x2apic movbe popcnt tsc_deadline_timer aes xsave avx f16c rdrand hypervisor lahf_lm abm fsgsbase bmi1 avx2 smep bmi2 erms invpcid xsaveopt
bugs		:
bogomips	: 4800.20
clflush size	: 64
cache_alignment	: 64
address sizes	: 46 bits physical, 48 bits virtual
power management:



Memory: 4k page, physical 1014460k(55652k free), swap 0k(0k free)

vm_info: Java HotSpot(TM) 64-Bit Server VM (25.121-b13) for linux-amd64 JRE (1.8.0_121-b13), built on Dec 12 2016 16:36:53 by "java_re" with gcc 4.3.0 20080428 (Red Hat 4.3.0-8)

time: Wed Apr 19 15:49:10 2017
elapsed time: 977 seconds (0d 0h 16m 17s)

